<?xml version="1.0" encoding="UTF-8"?>
<testng-results ignored="0" total="1" passed="1" failed="0" skipped="0">
  <reporter-output>
  </reporter-output>
  <suite started-at="2022-02-05T00:02:05 IST" name="Suite" finished-at="2022-02-05T00:02:13 IST" duration-ms="8396">
    <groups>
      <group name="cucumber">
        <method signature="AbstractTestNGCucumberTests.runScenario(io.cucumber.testng.PickleWrapper, io.cucumber.testng.FeatureWrapper)[pri:0, instance:Automation.Runner.TestRunner@3fb1549b]" name="runScenario" class="io.cucumber.testng.AbstractTestNGCucumberTests"/>
      </group> <!-- cucumber -->
    </groups>
    <test started-at="2022-02-05T00:02:05 IST" name="Test" finished-at="2022-02-05T00:02:13 IST" duration-ms="8396">
      <class name="Automation.Runner.TestRunner">
        <test-method is-config="true" signature="setUpClass(org.testng.ITestContext)[pri:0, instance:Automation.Runner.TestRunner@3fb1549b]" started-at="2022-02-05T00:02:05 IST" name="setUpClass" finished-at="2022-02-05T00:02:13 IST" duration-ms="7282" status="PASS">
          <params>
            <param index="0">
              <value>
                <![CDATA[org.testng.TestRunner@3543df7d]]>
              </value>
            </param>
          </params>
          <reporter-output>
          </reporter-output>
        </test-method> <!-- setUpClass -->
        <test-method signature="runScenario(io.cucumber.testng.PickleWrapper, io.cucumber.testng.FeatureWrapper)[pri:0, instance:Automation.Runner.TestRunner@3fb1549b]" started-at="2022-02-05T00:02:13 IST" name="runScenario" description="Runs Cucumber Scenarios" data-provider="scenarios" finished-at="2022-02-05T00:02:13 IST" duration-ms="698" status="PASS">
          <params>
            <param index="0">
              <value>
                <![CDATA["To validate the navigation to my profile page of word press"]]>
              </value>
            </param>
            <param index="1">
              <value>
                <![CDATA["Optional[Wordpress Profile validation]"]]>
              </value>
            </param>
          </params>
          <reporter-output>
          </reporter-output>
        </test-method> <!-- runScenario -->
        <test-method is-config="true" signature="tearDownClass()[pri:0, instance:Automation.Runner.TestRunner@3fb1549b]" started-at="2022-02-05T00:02:13 IST" name="tearDownClass" finished-at="2022-02-05T00:02:13 IST" duration-ms="56" status="PASS">
          <reporter-output>
          </reporter-output>
        </test-method> <!-- tearDownClass -->
      </class> <!-- Automation.Runner.TestRunner -->
    </test> <!-- Test -->
  </suite> <!-- Suite -->
</testng-results>
